<?xml version="1.0" encoding="UTF-8"?>
<testsuite xmlns:xsi="http://www.w3.org/2001/XMLSchema-instance" xsi:noNamespaceSchemaLocation="https://maven.apache.org/surefire/maven-surefire-plugin/xsd/surefire-test-report.xsd" name="cucumberption.TestRunner" time="0.004" tests="1" errors="1" skipped="0" failures="0">
  <properties>
[...]
</properties>
  <testcase name="initializationError" classname="cucumberption.TestRunner" time="0.002">
    <error message="Type Cucumber not present" type="java.lang.TypeNotPresentException">java.lang.TypeNotPresentException: Type Cucumber not present
Caused by: java.lang.ClassNotFoundException: Cucumber
</error>
  </testcase>
</testsuite>